<?xml version="1.0" encoding="UTF-8"?>
<testsuite name="com.gradle.tutorial.FizzBuzzProcessorTest" tests="4" skipped="0" failures="0" errors="0" timestamp="2023-04-22T05:06:15" hostname="DESKTOP-O5PVDO3" time="0.032">
  <properties/>
  <testcase name="FizzBuzzThreeNumbers()" classname="com.gradle.tutorial.FizzBuzzProcessorTest" time="0.023"/>
  <testcase name="FizzBuzzFiveNumbers()" classname="com.gradle.tutorial.FizzBuzzProcessorTest" time="0.001"/>
  <testcase name="FizzBuzzNormalNumbers()" classname="com.gradle.tutorial.FizzBuzzProcessorTest" time="0.001"/>
  <testcase name="FizzBuzzThreeAndFiveNumbers()" classname="com.gradle.tutorial.FizzBuzzProcessorTest" time="0.001"/>
  <system-out><![CDATA[]]></system-out>
  <system-err><![CDATA[]]></system-err>
</testsuite>
